<?xml version="1.0" encoding="UTF-8"?>
<testsuite name="duedate.HashTrieMapTests" tests="2" skipped="0" failures="0" errors="0" timestamp="2022-10-15T08:28:15" hostname="DESKTOP-DBK9FDE" time="0.032">
  <properties/>
  <testcase name="test_addFindFindPrefix_fewWords_correct()" classname="duedate.HashTrieMapTests" time="0.03"/>
  <testcase name="test_delete_fewWords_correct()" classname="duedate.HashTrieMapTests" time="0.001"/>
  <system-out><![CDATA[]]></system-out>
  <system-err><![CDATA[]]></system-err>
</testsuite>
